# JRE version: Java(TM) SE Runtime Environment (8.0_45-b14) (build 1.8.0_45-b14)
# Java VM: Java HotSpot(TM) 64-Bit Server VM (25.45-b02 mixed mode windows-amd64 compressed oops)
Heap:
 PSYoungGen      total 36352K, used 13865K [0x00000000d5f80000, 0x00000000d8d00000, 0x0000000100000000)
  eden space 32768K, 36% used [0x00000000d5f80000,0x00000000d6b48598,0x00000000d7f80000)
  from space 3584K, 50% used [0x00000000d8300000,0x00000000d84c2020,0x00000000d8680000)
  to   space 3584K, 0% used [0x00000000d7f80000,0x00000000d7f80000,0x00000000d8300000)
 ParOldGen       total 51200K, used 31280K [0x0000000081e00000, 0x0000000085000000, 0x00000000d5f80000)
  object space 51200K, 61% used [0x0000000081e00000,0x0000000083c8c0e8,0x0000000085000000)
 Metaspace       used 8630K, capacity 8772K, committed 8960K, reserved 1056768K
  class space    used 921K, capacity 984K, committed 1024K, reserved 1048576K
GC Heap History (10 events):
Event: 148.657 GC heap before
{Heap before GC invocations=816 (full 6):
 PSYoungGen      total 35840K, used 35716K [0x00000000d5f80000, 0x00000000d8880000, 0x0000000100000000)
  eden space 34816K, 100% used [0x00000000d5f80000,0x00000000d8180000,0x00000000d8180000)
  from space 1024K, 87% used [0x00000000d8200000,0x00000000d82e1010,0x00000000d8300000)
  to   space 3584K, 0% used [0x00000000d8500000,0x00000000d8500000,0x00000000d8880000)
 ParOldGen       total 51200K, used 31023K [0x0000000081e00000, 0x0000000085000000, 0x00000000d5f80000)
  object space 51200K, 60% used [0x0000000081e00000,0x0000000083c4bcd8,0x0000000085000000)
 Metaspace       used 8572K, capacity 8708K, committed 8960K, reserved 1056768K
  class space    used 915K, capacity 984K, committed 1024K, reserved 1048576K
Event: 148.658 GC heap after
Heap after GC invocations=816 (full 6):
 PSYoungGen      total 37376K, used 2089K [0x00000000d5f80000, 0x00000000d8800000, 0x0000000100000000)
  eden space 34304K, 0% used [0x00000000d5f80000,0x00000000d5f80000,0x00000000d8100000)
  from space 3072K, 68% used [0x00000000d8500000,0x00000000d870a430,0x00000000d8800000)
  to   space 3584K, 0% used [0x00000000d8100000,0x00000000d8100000,0x00000000d8480000)
 ParOldGen       total 51200K, used 31023K [0x0000000081e00000, 0x0000000085000000, 0x00000000d5f80000)
  object space 51200K, 60% used [0x0000000081e00000,0x0000000083c4bcd8,0x0000000085000000)
 Metaspace       used 8572K, capacity 8708K, committed 8960K, reserved 1056768K
  class space    used 915K, capacity 984K, committed 1024K, reserved 1048576K
}
Event: 148.827 GC heap before
{Heap before GC invocations=817 (full 6):
 PSYoungGen      total 37376K, used 36393K [0x00000000d5f80000, 0x00000000d8800000, 0x0000000100000000)
  eden space 34304K, 100% used [0x00000000d5f80000,0x00000000d8100000,0x00000000d8100000)
  from space 3072K, 68% used [0x00000000d8500000,0x00000000d870a430,0x00000000d8800000)
  to   space 3584K, 0% used [0x00000000d8100000,0x00000000d8100000,0x00000000d8480000)
 ParOldGen       total 51200K, used 31023K [0x0000000081e00000, 0x0000000085000000, 0x00000000d5f80000)
  object space 51200K, 60% used [0x0000000081e00000,0x0000000083c4bcd8,0x0000000085000000)
 Metaspace       used 8572K, capacity 8708K, committed 8960K, reserved 1056768K
  class space    used 915K, capacity 984K, committed 1024K, reserved 1048576K
Event: 148.828 GC heap after
Heap after GC invocations=817 (full 6):
 PSYoungGen      total 36352K, used 2089K [0x00000000d5f80000, 0x00000000d8780000, 0x0000000100000000)
  eden space 33792K, 0% used [0x00000000d5f80000,0x00000000d5f80000,0x00000000d8080000)
  from space 2560K, 81% used [0x00000000d8100000,0x00000000d830a430,0x00000000d8380000)
  to   space 3584K, 0% used [0x00000000d8400000,0x00000000d8400000,0x00000000d8780000)
 ParOldGen       total 51200K, used 31023K [0x0000000081e00000, 0x0000000085000000, 0x00000000d5f80000)
  object space 51200K, 60% used [0x0000000081e00000,0x0000000083c4bcd8,0x0000000085000000)
 Metaspace       used 8572K, capacity 8708K, committed 8960K, reserved 1056768K
  class space    used 915K, capacity 984K, committed 1024K, reserved 1048576K
}
Event: 149.005 GC heap before
{Heap before GC invocations=818 (full 6):
 PSYoungGen      total 36352K, used 35881K [0x00000000d5f80000, 0x00000000d8780000, 0x0000000100000000)
  eden space 33792K, 100% used [0x00000000d5f80000,0x00000000d8080000,0x00000000d8080000)
  from space 2560K, 81% used [0x00000000d8100000,0x00000000d830a430,0x00000000d8380000)
  to   space 3584K, 0% used [0x00000000d8400000,0x00000000d8400000,0x00000000d8780000)
 ParOldGen       total 51200K, used 31023K [0x0000000081e00000, 0x0000000085000000, 0x00000000d5f80000)
  object space 51200K, 60% used [0x0000000081e00000,0x0000000083c4bcd8,0x0000000085000000)
 Metaspace       used 8572K, capacity 8708K, committed 8960K, reserved 1056768K
  class space    used 915K, capacity 984K, committed 1024K, reserved 1048576K
Event: 149.006 GC heap after
Heap after GC invocations=818 (full 6):
 PSYoungGen      total 36352K, used 2089K [0x00000000d5f80000, 0x00000000d8700000, 0x0000000100000000)
  eden space 33280K, 0% used [0x00000000d5f80000,0x00000000d5f80000,0x00000000d8000000)
  from space 3072K, 68% used [0x00000000d8400000,0x00000000d860a430,0x00000000d8700000)
  to   space 3584K, 0% used [0x00000000d8000000,0x00000000d8000000,0x00000000d8380000)
 ParOldGen       total 51200K, used 31031K [0x0000000081e00000, 0x0000000085000000, 0x00000000d5f80000)
  object space 51200K, 60% used [0x0000000081e00000,0x0000000083c4dcd8,0x0000000085000000)
 Metaspace       used 8572K, capacity 8708K, committed 8960K, reserved 1056768K
  class space    used 915K, capacity 984K, committed 1024K, reserved 1048576K
}
Event: 150.686 GC heap before
{Heap before GC invocations=819 (full 6):
 PSYoungGen      total 36352K, used 35093K [0x00000000d5f80000, 0x00000000d8700000, 0x0000000100000000)
  eden space 33280K, 99% used [0x00000000d5f80000,0x00000000d7fbb338,0x00000000d8000000)
  from space 3072K, 68% used [0x00000000d8400000,0x00000000d860a430,0x00000000d8700000)
  to   space 3584K, 0% used [0x00000000d8000000,0x00000000d8000000,0x00000000d8380000)
 ParOldGen       total 51200K, used 31031K [0x0000000081e00000, 0x0000000085000000, 0x00000000d5f80000)
  object space 51200K, 60% used [0x0000000081e00000,0x0000000083c4dcd8,0x0000000085000000)
 Metaspace       used 8578K, capacity 8708K, committed 8960K, reserved 1056768K
  class space    used 916K, capacity 984K, committed 1024K, reserved 1048576K
Event: 150.687 GC heap after
Heap after GC invocations=819 (full 6):
 PSYoungGen      total 33280K, used 321K [0x00000000d5f80000, 0x00000000d8680000, 0x0000000100000000)
  eden space 32768K, 0% used [0x00000000d5f80000,0x00000000d5f80000,0x00000000d7f80000)
  from space 512K, 62% used [0x00000000d8000000,0x00000000d8050410,0x00000000d8080000)
  to   space 3584K, 0% used [0x00000000d8300000,0x00000000d8300000,0x00000000d8680000)
 ParOldGen       total 51200K, used 31031K [0x0000000081e00000, 0x0000000085000000, 0x00000000d5f80000)
  object space 51200K, 60% used [0x0000000081e00000,0x0000000083c4dcd8,0x0000000085000000)
 Metaspace       used 8578K, capacity 8708K, committed 8960K, reserved 1056768K
  class space    used 916K, capacity 984K, committed 1024K, reserved 1048576K
}
Event: 150.743 GC heap before
{Heap before GC invocations=820 (full 6):
 PSYoungGen      total 33280K, used 33089K [0x00000000d5f80000, 0x00000000d8680000, 0x0000000100000000)
  eden space 32768K, 100% used [0x00000000d5f80000,0x00000000d7f80000,0x00000000d7f80000)
  from space 512K, 62% used [0x00000000d8000000,0x00000000d8050410,0x00000000d8080000)
  to   space 3584K, 0% used [0x00000000d8300000,0x00000000d8300000,0x00000000d8680000)
 ParOldGen       total 51200K, used 31031K [0x0000000081e00000, 0x0000000085000000, 0x00000000d5f80000)
  object space 51200K, 60% used [0x0000000081e00000,0x0000000083c4dcd8,0x0000000085000000)
 Metaspace       used 8578K, capacity 8708K, committed 8960K, reserved 1056768K
  class space    used 916K, capacity 984K, committed 1024K, reserved 1048576K
Event: 150.744 GC heap after
Heap after GC invocations=820 (full 6):
 PSYoungGen      total 36352K, used 1800K [0x00000000d5f80000, 0x00000000d8d00000, 0x0000000100000000)
  eden space 32768K, 0% used [0x00000000d5f80000,0x00000000d5f80000,0x00000000d7f80000)
  from space 3584K, 50% used [0x00000000d8300000,0x00000000d84c2020,0x00000000d8680000)
  to   space 3584K, 0% used [0x00000000d7f80000,0x00000000d7f80000,0x00000000d8300000)
 ParOldGen       total 51200K, used 31280K [0x0000000081e00000, 0x0000000085000000, 0x00000000d5f80000)
  object space 51200K, 61% used [0x0000000081e00000,0x0000000083c8c0e8,0x0000000085000000)
 Metaspace       used 8578K, capacity 8708K, committed 8960K, reserved 1056768K
  class space    used 916K, capacity 984K, committed 1024K, reserved 1048576K
}

