# JRE version: Java(TM) SE Runtime Environment (8.0_45-b14) (build 1.8.0_45-b14)
# Java VM: Java HotSpot(TM) 64-Bit Server VM (25.45-b02 mixed mode windows-amd64 compressed oops)
Heap:
 PSYoungGen      total 25088K, used 5455K [0x00000000d5f80000, 0x00000000d9180000, 0x0000000100000000)
  eden space 24064K, 19% used [0x00000000d5f80000,0x00000000d640b258,0x00000000d7700000)
  from space 1024K, 78% used [0x00000000d8f80000,0x00000000d9048c20,0x00000000d9080000)
  to   space 1024K, 0% used [0x00000000d9080000,0x00000000d9080000,0x00000000d9180000)
 ParOldGen       total 87552K, used 40179K [0x0000000081e00000, 0x0000000087380000, 0x00000000d5f80000)
  object space 87552K, 45% used [0x0000000081e00000,0x000000008453cc10,0x0000000087380000)
 Metaspace       used 8644K, capacity 8772K, committed 8960K, reserved 1056768K
  class space    used 919K, capacity 984K, committed 1024K, reserved 1048576K
GC Heap History (10 events):
Event: 74.291 GC heap before
{Heap before GC invocations=1115 (full 0):
 PSYoungGen      total 25088K, used 24867K [0x00000000d5f80000, 0x00000000d9400000, 0x0000000100000000)
  eden space 24064K, 100% used [0x00000000d5f80000,0x00000000d7700000,0x00000000d7700000)
  from space 1024K, 78% used [0x00000000d9300000,0x00000000d93c8c20,0x00000000d9400000)
  to   space 1536K, 0% used [0x00000000d9100000,0x00000000d9100000,0x00000000d9280000)
 ParOldGen       total 87552K, used 40171K [0x0000000081e00000, 0x0000000087380000, 0x00000000d5f80000)
  object space 87552K, 45% used [0x0000000081e00000,0x000000008453ac10,0x0000000087380000)
 Metaspace       used 8591K, capacity 8708K, committed 8960K, reserved 1056768K
  class space    used 914K, capacity 984K, committed 1024K, reserved 1048576K
Event: 74.292 GC heap after
Heap after GC invocations=1115 (full 0):
 PSYoungGen      total 25088K, used 771K [0x00000000d5f80000, 0x00000000d9380000, 0x0000000100000000)
  eden space 24064K, 0% used [0x00000000d5f80000,0x00000000d5f80000,0x00000000d7700000)
  from space 1024K, 75% used [0x00000000d9100000,0x00000000d91c0c20,0x00000000d9200000)
  to   space 1536K, 0% used [0x00000000d9200000,0x00000000d9200000,0x00000000d9380000)
 ParOldGen       total 87552K, used 40179K [0x0000000081e00000, 0x0000000087380000, 0x00000000d5f80000)
  object space 87552K, 45% used [0x0000000081e00000,0x000000008453cc10,0x0000000087380000)
 Metaspace       used 8591K, capacity 8708K, committed 8960K, reserved 1056768K
  class space    used 914K, capacity 984K, committed 1024K, reserved 1048576K
}
Event: 74.351 GC heap before
{Heap before GC invocations=1116 (full 0):
 PSYoungGen      total 25088K, used 24595K [0x00000000d5f80000, 0x00000000d9380000, 0x0000000100000000)
  eden space 24064K, 99% used [0x00000000d5f80000,0x00000000d76c43b8,0x00000000d7700000)
  from space 1024K, 75% used [0x00000000d9100000,0x00000000d91c0c20,0x00000000d9200000)
  to   space 1536K, 0% used [0x00000000d9200000,0x00000000d9200000,0x00000000d9380000)
 ParOldGen       total 87552K, used 40179K [0x0000000081e00000, 0x0000000087380000, 0x00000000d5f80000)
  object space 87552K, 45% used [0x0000000081e00000,0x000000008453cc10,0x0000000087380000)
 Metaspace       used 8591K, capacity 8708K, committed 8960K, reserved 1056768K
  class space    used 914K, capacity 984K, committed 1024K, reserved 1048576K
Event: 74.351 GC heap after
Heap after GC invocations=1116 (full 0):
 PSYoungGen      total 24576K, used 433K [0x00000000d5f80000, 0x00000000d9280000, 0x0000000100000000)
  eden space 24064K, 0% used [0x00000000d5f80000,0x00000000d5f80000,0x00000000d7700000)
  from space 512K, 84% used [0x00000000d9200000,0x00000000d926c610,0x00000000d9280000)
  to   space 1536K, 0% used [0x00000000d8f80000,0x00000000d8f80000,0x00000000d9100000)
 ParOldGen       total 87552K, used 40179K [0x0000000081e00000, 0x0000000087380000, 0x00000000d5f80000)
  object space 87552K, 45% used [0x0000000081e00000,0x000000008453cc10,0x0000000087380000)
 Metaspace       used 8591K, capacity 8708K, committed 8960K, reserved 1056768K
  class space    used 914K, capacity 984K, committed 1024K, reserved 1048576K
}
Event: 74.411 GC heap before
{Heap before GC invocations=1117 (full 0):
 PSYoungGen      total 24576K, used 24497K [0x00000000d5f80000, 0x00000000d9280000, 0x0000000100000000)
  eden space 24064K, 100% used [0x00000000d5f80000,0x00000000d7700000,0x00000000d7700000)
  from space 512K, 84% used [0x00000000d9200000,0x00000000d926c610,0x00000000d9280000)
  to   space 1536K, 0% used [0x00000000d8f80000,0x00000000d8f80000,0x00000000d9100000)
 ParOldGen       total 87552K, used 40179K [0x0000000081e00000, 0x0000000087380000, 0x00000000d5f80000)
  object space 87552K, 45% used [0x0000000081e00000,0x000000008453cc10,0x0000000087380000)
 Metaspace       used 8591K, capacity 8708K, committed 8960K, reserved 1056768K
  class space    used 914K, capacity 984K, committed 1024K, reserved 1048576K
Event: 74.411 GC heap after
Heap after GC invocations=1117 (full 0):
 PSYoungGen      total 25600K, used 803K [0x00000000d5f80000, 0x00000000d9280000, 0x0000000100000000)
  eden space 24064K, 0% used [0x00000000d5f80000,0x00000000d5f80000,0x00000000d7700000)
  from space 1536K, 52% used [0x00000000d8f80000,0x00000000d9048c20,0x00000000d9100000)
  to   space 1536K, 0% used [0x00000000d9100000,0x00000000d9100000,0x00000000d9280000)
 ParOldGen       total 87552K, used 40179K [0x0000000081e00000, 0x0000000087380000, 0x00000000d5f80000)
  object space 87552K, 45% used [0x0000000081e00000,0x000000008453cc10,0x0000000087380000)
 Metaspace       used 8591K, capacity 8708K, committed 8960K, reserved 1056768K
  class space    used 914K, capacity 984K, committed 1024K, reserved 1048576K
}
Event: 74.470 GC heap before
{Heap before GC invocations=1118 (full 0):
 PSYoungGen      total 25600K, used 24867K [0x00000000d5f80000, 0x00000000d9280000, 0x0000000100000000)
  eden space 24064K, 100% used [0x00000000d5f80000,0x00000000d7700000,0x00000000d7700000)
  from space 1536K, 52% used [0x00000000d8f80000,0x00000000d9048c20,0x00000000d9100000)
  to   space 1536K, 0% used [0x00000000d9100000,0x00000000d9100000,0x00000000d9280000)
 ParOldGen       total 87552K, used 40179K [0x0000000081e00000, 0x0000000087380000, 0x00000000d5f80000)
  object space 87552K, 45% used [0x0000000081e00000,0x000000008453cc10,0x0000000087380000)
 Metaspace       used 8591K, capacity 8708K, committed 8960K, reserved 1056768K
  class space    used 914K, capacity 984K, committed 1024K, reserved 1048576K
Event: 74.471 GC heap after
Heap after GC invocations=1118 (full 0):
 PSYoungGen      total 25600K, used 1140K [0x00000000d5f80000, 0x00000000d9280000, 0x0000000100000000)
  eden space 24064K, 0% used [0x00000000d5f80000,0x00000000d5f80000,0x00000000d7700000)
  from space 1536K, 74% used [0x00000000d9100000,0x00000000d921d230,0x00000000d9280000)
  to   space 1536K, 0% used [0x00000000d8f80000,0x00000000d8f80000,0x00000000d9100000)
 ParOldGen       total 87552K, used 40179K [0x0000000081e00000, 0x0000000087380000, 0x00000000d5f80000)
  object space 87552K, 45% used [0x0000000081e00000,0x000000008453cc10,0x0000000087380000)
 Metaspace       used 8591K, capacity 8708K, committed 8960K, reserved 1056768K
  class space    used 914K, capacity 984K, committed 1024K, reserved 1048576K
}
Event: 74.530 GC heap before
{Heap before GC invocations=1119 (full 0):
 PSYoungGen      total 25600K, used 25204K [0x00000000d5f80000, 0x00000000d9280000, 0x0000000100000000)
  eden space 24064K, 100% used [0x00000000d5f80000,0x00000000d7700000,0x00000000d7700000)
  from space 1536K, 74% used [0x00000000d9100000,0x00000000d921d230,0x00000000d9280000)
  to   space 1536K, 0% used [0x00000000d8f80000,0x00000000d8f80000,0x00000000d9100000)
 ParOldGen       total 87552K, used 40179K [0x0000000081e00000, 0x0000000087380000, 0x00000000d5f80000)
  object space 87552K, 45% used [0x0000000081e00000,0x000000008453cc10,0x0000000087380000)
 Metaspace       used 8591K, capacity 8708K, committed 8960K, reserved 1056768K
  class space    used 914K, capacity 984K, committed 1024K, reserved 1048576K
Event: 74.530 GC heap after
Heap after GC invocations=1119 (full 0):
 PSYoungGen      total 25088K, used 803K [0x00000000d5f80000, 0x00000000d9180000, 0x0000000100000000)
  eden space 24064K, 0% used [0x00000000d5f80000,0x00000000d5f80000,0x00000000d7700000)
  from space 1024K, 78% used [0x00000000d8f80000,0x00000000d9048c20,0x00000000d9080000)
  to   space 1024K, 0% used [0x00000000d9080000,0x00000000d9080000,0x00000000d9180000)
 ParOldGen       total 87552K, used 40179K [0x0000000081e00000, 0x0000000087380000, 0x00000000d5f80000)
  object space 87552K, 45% used [0x0000000081e00000,0x000000008453cc10,0x0000000087380000)
 Metaspace       used 8591K, capacity 8708K, committed 8960K, reserved 1056768K
  class space    used 914K, capacity 984K, committed 1024K, reserved 1048576K
}

