# JRE version: Java(TM) SE Runtime Environment (8.0_45-b14) (build 1.8.0_45-b14)
# Java VM: Java HotSpot(TM) 64-Bit Server VM (25.45-b02 mixed mode windows-amd64 compressed oops)
Heap:
 PSYoungGen      total 664576K, used 550536K [0x00000000d5f80000, 0x0000000100000000, 0x0000000100000000)
  eden space 642560K, 82% used [0x00000000d5f80000,0x00000000f67d5908,0x00000000fd300000)
  from space 22016K, 80% used [0x00000000fe980000,0x00000000ffacc9a0,0x00000000fff00000)
  to   space 23040K, 0% used [0x00000000fd300000,0x00000000fd300000,0x00000000fe980000)
 ParOldGen       total 68608K, used 35583K [0x0000000081e00000, 0x0000000086100000, 0x00000000d5f80000)
  object space 68608K, 51% used [0x0000000081e00000,0x00000000840bfc38,0x0000000086100000)
 Metaspace       used 8358K, capacity 8524K, committed 8704K, reserved 1056768K
  class space    used 914K, capacity 984K, committed 1024K, reserved 1048576K
GC Heap History (10 events):
Event: 5.613 GC heap before
{Heap before GC invocations=15 (full 0):
 PSYoungGen      total 663040K, used 646778K [0x00000000d5f80000, 0x0000000100000000, 0x0000000100000000)
  eden space 640000K, 100% used [0x00000000d5f80000,0x00000000fd080000,0x00000000fd080000)
  from space 23040K, 29% used [0x00000000fe700000,0x00000000fed9eb60,0x00000000ffd80000)
  to   space 23040K, 0% used [0x00000000fd080000,0x00000000fd080000,0x00000000fe700000)
 ParOldGen       total 87552K, used 70522K [0x0000000081e00000, 0x0000000087380000, 0x00000000d5f80000)
  object space 87552K, 80% used [0x0000000081e00000,0x00000000862deb48,0x0000000087380000)
 Metaspace       used 8339K, capacity 8524K, committed 8704K, reserved 1056768K
  class space    used 914K, capacity 984K, committed 1024K, reserved 1048576K
Event: 5.618 GC heap after
Heap after GC invocations=15 (full 0):
 PSYoungGen      total 663040K, used 13493K [0x00000000d5f80000, 0x00000000fff00000, 0x0000000100000000)
  eden space 640000K, 0% used [0x00000000d5f80000,0x00000000d5f80000,0x00000000fd080000)
  from space 23040K, 58% used [0x00000000fd080000,0x00000000fddad6c0,0x00000000fe700000)
  to   space 22528K, 0% used [0x00000000fe900000,0x00000000fe900000,0x00000000fff00000)
 ParOldGen       total 87552K, used 79044K [0x0000000081e00000, 0x0000000087380000, 0x00000000d5f80000)
  object space 87552K, 90% used [0x0000000081e00000,0x0000000086b31108,0x0000000087380000)
 Metaspace       used 8339K, capacity 8524K, committed 8704K, reserved 1056768K
  class space    used 914K, capacity 984K, committed 1024K, reserved 1048576K
}
Event: 5.618 GC heap before
{Heap before GC invocations=16 (full 1):
 PSYoungGen      total 663040K, used 13493K [0x00000000d5f80000, 0x00000000fff00000, 0x0000000100000000)
  eden space 640000K, 0% used [0x00000000d5f80000,0x00000000d5f80000,0x00000000fd080000)
  from space 23040K, 58% used [0x00000000fd080000,0x00000000fddad6c0,0x00000000fe700000)
  to   space 22528K, 0% used [0x00000000fe900000,0x00000000fe900000,0x00000000fff00000)
 ParOldGen       total 87552K, used 79044K [0x0000000081e00000, 0x0000000087380000, 0x00000000d5f80000)
  object space 87552K, 90% used [0x0000000081e00000,0x0000000086b31108,0x0000000087380000)
 Metaspace       used 8339K, capacity 8524K, committed 8704K, reserved 1056768K
  class space    used 914K, capacity 984K, committed 1024K, reserved 1048576K
Event: 5.631 GC heap after
Heap after GC invocations=16 (full 1):
 PSYoungGen      total 663040K, used 0K [0x00000000d5f80000, 0x00000000fff00000, 0x0000000100000000)
  eden space 640000K, 0% used [0x00000000d5f80000,0x00000000d5f80000,0x00000000fd080000)
  from space 23040K, 0% used [0x00000000fd080000,0x00000000fd080000,0x00000000fe700000)
  to   space 22528K, 0% used [0x00000000fe900000,0x00000000fe900000,0x00000000fff00000)
 ParOldGen       total 68608K, used 18345K [0x0000000081e00000, 0x0000000086100000, 0x00000000d5f80000)
  object space 68608K, 26% used [0x0000000081e00000,0x0000000082fea498,0x0000000086100000)
 Metaspace       used 8339K, capacity 8524K, committed 8704K, reserved 1056768K
  class space    used 914K, capacity 984K, committed 1024K, reserved 1048576K
}
Event: 6.140 GC heap before
{Heap before GC invocations=17 (full 1):
 PSYoungGen      total 663040K, used 640000K [0x00000000d5f80000, 0x00000000fff00000, 0x0000000100000000)
  eden space 640000K, 100% used [0x00000000d5f80000,0x00000000fd080000,0x00000000fd080000)
  from space 23040K, 0% used [0x00000000fd080000,0x00000000fd080000,0x00000000fe700000)
  to   space 22528K, 0% used [0x00000000fe900000,0x00000000fe900000,0x00000000fff00000)
 ParOldGen       total 68608K, used 18345K [0x0000000081e00000, 0x0000000086100000, 0x00000000d5f80000)
  object space 68608K, 26% used [0x0000000081e00000,0x0000000082fea498,0x0000000086100000)
 Metaspace       used 8340K, capacity 8524K, committed 8704K, reserved 1056768K
  class space    used 914K, capacity 984K, committed 1024K, reserved 1048576K
Event: 6.144 GC heap after
Heap after GC invocations=17 (full 1):
 PSYoungGen      total 665088K, used 14576K [0x00000000d5f80000, 0x00000000fff80000, 0x0000000100000000)
  eden space 642560K, 0% used [0x00000000d5f80000,0x00000000d5f80000,0x00000000fd300000)
  from space 22528K, 64% used [0x00000000fe900000,0x00000000ff73c010,0x00000000fff00000)
  to   space 22528K, 0% used [0x00000000fd300000,0x00000000fd300000,0x00000000fe900000)
 ParOldGen       total 68608K, used 18345K [0x0000000081e00000, 0x0000000086100000, 0x00000000d5f80000)
  object space 68608K, 26% used [0x0000000081e00000,0x0000000082fea498,0x0000000086100000)
 Metaspace       used 8340K, capacity 8524K, committed 8704K, reserved 1056768K
  class space    used 914K, capacity 984K, committed 1024K, reserved 1048576K
}
Event: 6.645 GC heap before
{Heap before GC invocations=18 (full 1):
 PSYoungGen      total 665088K, used 657136K [0x00000000d5f80000, 0x00000000fff80000, 0x0000000100000000)
  eden space 642560K, 100% used [0x00000000d5f80000,0x00000000fd300000,0x00000000fd300000)
  from space 22528K, 64% used [0x00000000fe900000,0x00000000ff73c010,0x00000000fff00000)
  to   space 22528K, 0% used [0x00000000fd300000,0x00000000fd300000,0x00000000fe900000)
 ParOldGen       total 68608K, used 18345K [0x0000000081e00000, 0x0000000086100000, 0x00000000d5f80000)
  object space 68608K, 26% used [0x0000000081e00000,0x0000000082fea498,0x0000000086100000)
 Metaspace       used 8342K, capacity 8524K, committed 8704K, reserved 1056768K
  class space    used 914K, capacity 984K, committed 1024K, reserved 1048576K
Event: 6.651 GC heap after
Heap after GC invocations=18 (full 1):
 PSYoungGen      total 665088K, used 9512K [0x00000000d5f80000, 0x00000000fff00000, 0x0000000100000000)
  eden space 642560K, 0% used [0x00000000d5f80000,0x00000000d5f80000,0x00000000fd300000)
  from space 22528K, 42% used [0x00000000fd300000,0x00000000fdc4a2f0,0x00000000fe900000)
  to   space 22016K, 0% used [0x00000000fe980000,0x00000000fe980000,0x00000000fff00000)
 ParOldGen       total 68608K, used 29187K [0x0000000081e00000, 0x0000000086100000, 0x00000000d5f80000)
  object space 68608K, 42% used [0x0000000081e00000,0x0000000083a80fe8,0x0000000086100000)
 Metaspace       used 8342K, capacity 8524K, committed 8704K, reserved 1056768K
  class space    used 914K, capacity 984K, committed 1024K, reserved 1048576K
}
Event: 7.154 GC heap before
{Heap before GC invocations=19 (full 1):
 PSYoungGen      total 665088K, used 651908K [0x00000000d5f80000, 0x00000000fff00000, 0x0000000100000000)
  eden space 642560K, 99% used [0x00000000d5f80000,0x00000000fd2d6eb8,0x00000000fd300000)
  from space 22528K, 42% used [0x00000000fd300000,0x00000000fdc4a2f0,0x00000000fe900000)
  to   space 22016K, 0% used [0x00000000fe980000,0x00000000fe980000,0x00000000fff00000)
 ParOldGen       total 68608K, used 29187K [0x0000000081e00000, 0x0000000086100000, 0x00000000d5f80000)
  object space 68608K, 42% used [0x0000000081e00000,0x0000000083a80fe8,0x0000000086100000)
 Metaspace       used 8350K, capacity 8524K, committed 8704K, reserved 1056768K
  class space    used 914K, capacity 984K, committed 1024K, reserved 1048576K
Event: 7.160 GC heap after
Heap after GC invocations=19 (full 1):
 PSYoungGen      total 664576K, used 17714K [0x00000000d5f80000, 0x0000000100000000, 0x0000000100000000)
  eden space 642560K, 0% used [0x00000000d5f80000,0x00000000d5f80000,0x00000000fd300000)
  from space 22016K, 80% used [0x00000000fe980000,0x00000000ffacc9a0,0x00000000fff00000)
  to   space 23040K, 0% used [0x00000000fd300000,0x00000000fd300000,0x00000000fe980000)
 ParOldGen       total 68608K, used 35583K [0x0000000081e00000, 0x0000000086100000, 0x00000000d5f80000)
  object space 68608K, 51% used [0x0000000081e00000,0x00000000840bfc38,0x0000000086100000)
 Metaspace       used 8350K, capacity 8524K, committed 8704K, reserved 1056768K
  class space    used 914K, capacity 984K, committed 1024K, reserved 1048576K
}

