# JRE version: Java(TM) SE Runtime Environment (8.0_45-b14) (build 1.8.0_45-b14)
# Java VM: Java HotSpot(TM) 64-Bit Server VM (25.45-b02 mixed mode windows-amd64 compressed oops)
Heap:
 PSYoungGen      total 53248K, used 44483K [0x00000000d5f80000, 0x00000000daa80000, 0x0000000100000000)
  eden space 52736K, 83% used [0x00000000d5f80000,0x00000000d8aa0878,0x00000000d9300000)
  from space 512K, 62% used [0x00000000da680000,0x00000000da6d0410,0x00000000da700000)
  to   space 3584K, 0% used [0x00000000da700000,0x00000000da700000,0x00000000daa80000)
 ParOldGen       total 50176K, used 27104K [0x0000000081e00000, 0x0000000084f00000, 0x00000000d5f80000)
  object space 50176K, 54% used [0x0000000081e00000,0x00000000838780e0,0x0000000084f00000)
 Metaspace       used 8658K, capacity 8836K, committed 8960K, reserved 1056768K
  class space    used 921K, capacity 984K, committed 1024K, reserved 1048576K
GC Heap History (10 events):
Event: 79.028 GC heap before
{Heap before GC invocations=595 (full 2):
 PSYoungGen      total 61952K, used 61605K [0x00000000d5f80000, 0x00000000db080000, 0x0000000100000000)
  eden space 60416K, 100% used [0x00000000d5f80000,0x00000000d9a80000,0x00000000d9a80000)
  from space 1536K, 77% used [0x00000000daf00000,0x00000000db029420,0x00000000db080000)
  to   space 3584K, 0% used [0x00000000da980000,0x00000000da980000,0x00000000dad00000)
 ParOldGen       total 50176K, used 27096K [0x0000000081e00000, 0x0000000084f00000, 0x00000000d5f80000)
  object space 50176K, 54% used [0x0000000081e00000,0x00000000838760e0,0x0000000084f00000)
 Metaspace       used 8600K, capacity 8772K, committed 8960K, reserved 1056768K
  class space    used 915K, capacity 984K, committed 1024K, reserved 1048576K
Event: 79.030 GC heap after
Heap after GC invocations=595 (full 2):
 PSYoungGen      total 61440K, used 2089K [0x00000000d5f80000, 0x00000000daf80000, 0x0000000100000000)
  eden space 58880K, 0% used [0x00000000d5f80000,0x00000000d5f80000,0x00000000d9900000)
  from space 2560K, 81% used [0x00000000da980000,0x00000000dab8a430,0x00000000dac00000)
  to   space 3584K, 0% used [0x00000000dac00000,0x00000000dac00000,0x00000000daf80000)
 ParOldGen       total 50176K, used 27096K [0x0000000081e00000, 0x0000000084f00000, 0x00000000d5f80000)
  object space 50176K, 54% used [0x0000000081e00000,0x00000000838760e0,0x0000000084f00000)
 Metaspace       used 8600K, capacity 8772K, committed 8960K, reserved 1056768K
  class space    used 915K, capacity 984K, committed 1024K, reserved 1048576K
}
Event: 79.190 GC heap before
{Heap before GC invocations=596 (full 2):
 PSYoungGen      total 61440K, used 60969K [0x00000000d5f80000, 0x00000000daf80000, 0x0000000100000000)
  eden space 58880K, 100% used [0x00000000d5f80000,0x00000000d9900000,0x00000000d9900000)
  from space 2560K, 81% used [0x00000000da980000,0x00000000dab8a430,0x00000000dac00000)
  to   space 3584K, 0% used [0x00000000dac00000,0x00000000dac00000,0x00000000daf80000)
 ParOldGen       total 50176K, used 27096K [0x0000000081e00000, 0x0000000084f00000, 0x00000000d5f80000)
  object space 50176K, 54% used [0x0000000081e00000,0x00000000838760e0,0x0000000084f00000)
 Metaspace       used 8600K, capacity 8772K, committed 8960K, reserved 1056768K
  class space    used 915K, capacity 984K, committed 1024K, reserved 1048576K
Event: 79.191 GC heap after
Heap after GC invocations=596 (full 2):
 PSYoungGen      total 59904K, used 2089K [0x00000000d5f80000, 0x00000000dae80000, 0x0000000100000000)
  eden space 57344K, 0% used [0x00000000d5f80000,0x00000000d5f80000,0x00000000d9780000)
  from space 2560K, 81% used [0x00000000dac00000,0x00000000dae0a430,0x00000000dae80000)
  to   space 3584K, 0% used [0x00000000da780000,0x00000000da780000,0x00000000dab00000)
 ParOldGen       total 50176K, used 27096K [0x0000000081e00000, 0x0000000084f00000, 0x00000000d5f80000)
  object space 50176K, 54% used [0x0000000081e00000,0x00000000838760e0,0x0000000084f00000)
 Metaspace       used 8600K, capacity 8772K, committed 8960K, reserved 1056768K
  class space    used 915K, capacity 984K, committed 1024K, reserved 1048576K
}
Event: 79.307 GC heap before
{Heap before GC invocations=597 (full 2):
 PSYoungGen      total 59904K, used 59433K [0x00000000d5f80000, 0x00000000dae80000, 0x0000000100000000)
  eden space 57344K, 100% used [0x00000000d5f80000,0x00000000d9780000,0x00000000d9780000)
  from space 2560K, 81% used [0x00000000dac00000,0x00000000dae0a430,0x00000000dae80000)
  to   space 3584K, 0% used [0x00000000da780000,0x00000000da780000,0x00000000dab00000)
 ParOldGen       total 50176K, used 27096K [0x0000000081e00000, 0x0000000084f00000, 0x00000000d5f80000)
  object space 50176K, 54% used [0x0000000081e00000,0x00000000838760e0,0x0000000084f00000)
 Metaspace       used 8600K, capacity 8772K, committed 8960K, reserved 1056768K
  class space    used 915K, capacity 984K, committed 1024K, reserved 1048576K
Event: 79.309 GC heap after
Heap after GC invocations=597 (full 2):
 PSYoungGen      total 58368K, used 2089K [0x00000000d5f80000, 0x00000000dac80000, 0x0000000100000000)
  eden space 55808K, 0% used [0x00000000d5f80000,0x00000000d5f80000,0x00000000d9600000)
  from space 2560K, 81% used [0x00000000da780000,0x00000000da98a430,0x00000000daa00000)
  to   space 2560K, 0% used [0x00000000daa00000,0x00000000daa00000,0x00000000dac80000)
 ParOldGen       total 50176K, used 27096K [0x0000000081e00000, 0x0000000084f00000, 0x00000000d5f80000)
  object space 50176K, 54% used [0x0000000081e00000,0x00000000838760e0,0x0000000084f00000)
 Metaspace       used 8600K, capacity 8772K, committed 8960K, reserved 1056768K
  class space    used 915K, capacity 984K, committed 1024K, reserved 1048576K
}
Event: 79.424 GC heap before
{Heap before GC invocations=598 (full 2):
 PSYoungGen      total 58368K, used 57897K [0x00000000d5f80000, 0x00000000dac80000, 0x0000000100000000)
  eden space 55808K, 100% used [0x00000000d5f80000,0x00000000d9600000,0x00000000d9600000)
  from space 2560K, 81% used [0x00000000da780000,0x00000000da98a430,0x00000000daa00000)
  to   space 2560K, 0% used [0x00000000daa00000,0x00000000daa00000,0x00000000dac80000)
 ParOldGen       total 50176K, used 27096K [0x0000000081e00000, 0x0000000084f00000, 0x00000000d5f80000)
  object space 50176K, 54% used [0x0000000081e00000,0x00000000838760e0,0x0000000084f00000)
 Metaspace       used 8600K, capacity 8772K, committed 8960K, reserved 1056768K
  class space    used 915K, capacity 984K, committed 1024K, reserved 1048576K
Event: 79.425 GC heap after
Heap after GC invocations=598 (full 2):
 PSYoungGen      total 56832K, used 2089K [0x00000000d5f80000, 0x00000000dac80000, 0x0000000100000000)
  eden space 54272K, 0% used [0x00000000d5f80000,0x00000000d5f80000,0x00000000d9480000)
  from space 2560K, 81% used [0x00000000daa00000,0x00000000dac0a430,0x00000000dac80000)
  to   space 3072K, 0% used [0x00000000da680000,0x00000000da680000,0x00000000da980000)
 ParOldGen       total 50176K, used 27096K [0x0000000081e00000, 0x0000000084f00000, 0x00000000d5f80000)
  object space 50176K, 54% used [0x0000000081e00000,0x00000000838760e0,0x0000000084f00000)
 Metaspace       used 8600K, capacity 8772K, committed 8960K, reserved 1056768K
  class space    used 915K, capacity 984K, committed 1024K, reserved 1048576K
}
Event: 82.159 GC heap before
{Heap before GC invocations=599 (full 2):
 PSYoungGen      total 56832K, used 55584K [0x00000000d5f80000, 0x00000000dac80000, 0x0000000100000000)
  eden space 54272K, 98% used [0x00000000d5f80000,0x00000000d93bdf38,0x00000000d9480000)
  from space 2560K, 81% used [0x00000000daa00000,0x00000000dac0a430,0x00000000dac80000)
  to   space 3072K, 0% used [0x00000000da680000,0x00000000da680000,0x00000000da980000)
 ParOldGen       total 50176K, used 27096K [0x0000000081e00000, 0x0000000084f00000, 0x00000000d5f80000)
  object space 50176K, 54% used [0x0000000081e00000,0x00000000838760e0,0x0000000084f00000)
 Metaspace       used 8606K, capacity 8772K, committed 8960K, reserved 1056768K
  class space    used 916K, capacity 984K, committed 1024K, reserved 1048576K
Event: 82.160 GC heap after
Heap after GC invocations=599 (full 2):
 PSYoungGen      total 53248K, used 321K [0x00000000d5f80000, 0x00000000daa80000, 0x0000000100000000)
  eden space 52736K, 0% used [0x00000000d5f80000,0x00000000d5f80000,0x00000000d9300000)
  from space 512K, 62% used [0x00000000da680000,0x00000000da6d0410,0x00000000da700000)
  to   space 3584K, 0% used [0x00000000da700000,0x00000000da700000,0x00000000daa80000)
 ParOldGen       total 50176K, used 27104K [0x0000000081e00000, 0x0000000084f00000, 0x00000000d5f80000)
  object space 50176K, 54% used [0x0000000081e00000,0x00000000838780e0,0x0000000084f00000)
 Metaspace       used 8606K, capacity 8772K, committed 8960K, reserved 1056768K
  class space    used 916K, capacity 984K, committed 1024K, reserved 1048576K
}

