# JRE version: Java(TM) SE Runtime Environment (8.0_45-b14) (build 1.8.0_45-b14)
# Java VM: Java HotSpot(TM) 64-Bit Server VM (25.45-b02 mixed mode windows-amd64 compressed oops)
Heap:
 PSYoungGen      total 45056K, used 20522K [0x00000000d5f80000, 0x00000000d8f00000, 0x0000000100000000)
  eden space 41472K, 44% used [0x00000000d5f80000,0x00000000d71707a8,0x00000000d8800000)
  from space 3584K, 60% used [0x00000000d8b80000,0x00000000d8d9a430,0x00000000d8f00000)
  to   space 3584K, 0% used [0x00000000d8800000,0x00000000d8800000,0x00000000d8b80000)
 ParOldGen       total 50176K, used 26051K [0x0000000081e00000, 0x0000000084f00000, 0x00000000d5f80000)
  object space 50176K, 51% used [0x0000000081e00000,0x0000000083770ca0,0x0000000084f00000)
 Metaspace       used 8637K, capacity 8772K, committed 8960K, reserved 1056768K
  class space    used 921K, capacity 984K, committed 1024K, reserved 1048576K
GC Heap History (10 events):
Event: 149.904 GC heap before
{Heap before GC invocations=831 (full 7):
 PSYoungGen      total 33280K, used 33156K [0x00000000d5f80000, 0x00000000d8a00000, 0x0000000100000000)
  eden space 32256K, 100% used [0x00000000d5f80000,0x00000000d7f00000,0x00000000d7f00000)
  from space 1024K, 87% used [0x00000000d8500000,0x00000000d85e1010,0x00000000d8600000)
  to   space 3584K, 0% used [0x00000000d8680000,0x00000000d8680000,0x00000000d8a00000)
 ParOldGen       total 50176K, used 23777K [0x0000000081e00000, 0x0000000084f00000, 0x00000000d5f80000)
  object space 50176K, 47% used [0x0000000081e00000,0x0000000083538460,0x0000000084f00000)
 Metaspace       used 8578K, capacity 8708K, committed 8960K, reserved 1056768K
  class space    used 915K, capacity 984K, committed 1024K, reserved 1048576K
Event: 149.905 GC heap after
Heap after GC invocations=831 (full 7):
 PSYoungGen      total 34304K, used 2089K [0x00000000d5f80000, 0x00000000d8900000, 0x0000000100000000)
  eden space 31744K, 0% used [0x00000000d5f80000,0x00000000d5f80000,0x00000000d7e80000)
  from space 2560K, 81% used [0x00000000d8680000,0x00000000d888a430,0x00000000d8900000)
  to   space 3584K, 0% used [0x00000000d8200000,0x00000000d8200000,0x00000000d8580000)
 ParOldGen       total 50176K, used 23777K [0x0000000081e00000, 0x0000000084f00000, 0x00000000d5f80000)
  object space 50176K, 47% used [0x0000000081e00000,0x0000000083538460,0x0000000084f00000)
 Metaspace       used 8578K, capacity 8708K, committed 8960K, reserved 1056768K
  class space    used 915K, capacity 984K, committed 1024K, reserved 1048576K
}
Event: 150.087 GC heap before
{Heap before GC invocations=832 (full 7):
 PSYoungGen      total 34304K, used 33833K [0x00000000d5f80000, 0x00000000d8900000, 0x0000000100000000)
  eden space 31744K, 100% used [0x00000000d5f80000,0x00000000d7e80000,0x00000000d7e80000)
  from space 2560K, 81% used [0x00000000d8680000,0x00000000d888a430,0x00000000d8900000)
  to   space 3584K, 0% used [0x00000000d8200000,0x00000000d8200000,0x00000000d8580000)
 ParOldGen       total 50176K, used 23777K [0x0000000081e00000, 0x0000000084f00000, 0x00000000d5f80000)
  object space 50176K, 47% used [0x0000000081e00000,0x0000000083538460,0x0000000084f00000)
 Metaspace       used 8578K, capacity 8708K, committed 8960K, reserved 1056768K
  class space    used 915K, capacity 984K, committed 1024K, reserved 1048576K
Event: 150.089 GC heap after
Heap after GC invocations=832 (full 7):
 PSYoungGen      total 33792K, used 2089K [0x00000000d5f80000, 0x00000000d8700000, 0x0000000100000000)
  eden space 31232K, 0% used [0x00000000d5f80000,0x00000000d5f80000,0x00000000d7e00000)
  from space 2560K, 81% used [0x00000000d8200000,0x00000000d840a430,0x00000000d8480000)
  to   space 2560K, 0% used [0x00000000d8480000,0x00000000d8480000,0x00000000d8700000)
 ParOldGen       total 50176K, used 23777K [0x0000000081e00000, 0x0000000084f00000, 0x00000000d5f80000)
  object space 50176K, 47% used [0x0000000081e00000,0x0000000083538460,0x0000000084f00000)
 Metaspace       used 8578K, capacity 8708K, committed 8960K, reserved 1056768K
  class space    used 915K, capacity 984K, committed 1024K, reserved 1048576K
}
Event: 150.266 GC heap before
{Heap before GC invocations=833 (full 7):
 PSYoungGen      total 33792K, used 33321K [0x00000000d5f80000, 0x00000000d8700000, 0x0000000100000000)
  eden space 31232K, 100% used [0x00000000d5f80000,0x00000000d7e00000,0x00000000d7e00000)
  from space 2560K, 81% used [0x00000000d8200000,0x00000000d840a430,0x00000000d8480000)
  to   space 2560K, 0% used [0x00000000d8480000,0x00000000d8480000,0x00000000d8700000)
 ParOldGen       total 50176K, used 23777K [0x0000000081e00000, 0x0000000084f00000, 0x00000000d5f80000)
  object space 50176K, 47% used [0x0000000081e00000,0x0000000083538460,0x0000000084f00000)
 Metaspace       used 8578K, capacity 8708K, committed 8960K, reserved 1056768K
  class space    used 915K, capacity 984K, committed 1024K, reserved 1048576K
Event: 150.272 GC heap after
Heap after GC invocations=833 (full 7):
 PSYoungGen      total 36864K, used 2121K [0x00000000d5f80000, 0x00000000d8b80000, 0x0000000100000000)
  eden space 34304K, 0% used [0x00000000d5f80000,0x00000000d5f80000,0x00000000d8100000)
  from space 2560K, 82% used [0x00000000d8480000,0x00000000d8692430,0x00000000d8700000)
  to   space 3584K, 0% used [0x00000000d8100000,0x00000000d8100000,0x00000000d8480000)
 ParOldGen       total 50176K, used 24010K [0x0000000081e00000, 0x0000000084f00000, 0x00000000d5f80000)
  object space 50176K, 47% used [0x0000000081e00000,0x0000000083572870,0x0000000084f00000)
 Metaspace       used 8578K, capacity 8708K, committed 8960K, reserved 1056768K
  class space    used 915K, capacity 984K, committed 1024K, reserved 1048576K
}
Event: 150.328 GC heap before
{Heap before GC invocations=834 (full 7):
 PSYoungGen      total 36864K, used 36425K [0x00000000d5f80000, 0x00000000d8b80000, 0x0000000100000000)
  eden space 34304K, 100% used [0x00000000d5f80000,0x00000000d8100000,0x00000000d8100000)
  from space 2560K, 82% used [0x00000000d8480000,0x00000000d8692430,0x00000000d8700000)
  to   space 3584K, 0% used [0x00000000d8100000,0x00000000d8100000,0x00000000d8480000)
 ParOldGen       total 50176K, used 24010K [0x0000000081e00000, 0x0000000084f00000, 0x00000000d5f80000)
  object space 50176K, 47% used [0x0000000081e00000,0x0000000083572870,0x0000000084f00000)
 Metaspace       used 8578K, capacity 8708K, committed 8960K, reserved 1056768K
  class space    used 915K, capacity 984K, committed 1024K, reserved 1048576K
Event: 150.329 GC heap after
Heap after GC invocations=834 (full 7):
 PSYoungGen      total 37888K, used 32K [0x00000000d5f80000, 0x00000000d8f00000, 0x0000000100000000)
  eden space 34304K, 0% used [0x00000000d5f80000,0x00000000d5f80000,0x00000000d8100000)
  from space 3584K, 0% used [0x00000000d8100000,0x00000000d8108000,0x00000000d8480000)
  to   space 3584K, 0% used [0x00000000d8b80000,0x00000000d8b80000,0x00000000d8f00000)
 ParOldGen       total 50176K, used 26051K [0x0000000081e00000, 0x0000000084f00000, 0x00000000d5f80000)
  object space 50176K, 51% used [0x0000000081e00000,0x0000000083770ca0,0x0000000084f00000)
 Metaspace       used 8578K, capacity 8708K, committed 8960K, reserved 1056768K
  class space    used 915K, capacity 984K, committed 1024K, reserved 1048576K
}
Event: 151.254 GC heap before
{Heap before GC invocations=835 (full 7):
 PSYoungGen      total 37888K, used 34336K [0x00000000d5f80000, 0x00000000d8f00000, 0x0000000100000000)
  eden space 34304K, 100% used [0x00000000d5f80000,0x00000000d8100000,0x00000000d8100000)
  from space 3584K, 0% used [0x00000000d8100000,0x00000000d8108000,0x00000000d8480000)
  to   space 3584K, 0% used [0x00000000d8b80000,0x00000000d8b80000,0x00000000d8f00000)
 ParOldGen       total 50176K, used 26051K [0x0000000081e00000, 0x0000000084f00000, 0x00000000d5f80000)
  object space 50176K, 51% used [0x0000000081e00000,0x0000000083770ca0,0x0000000084f00000)
 Metaspace       used 8584K, capacity 8772K, committed 8960K, reserved 1056768K
  class space    used 916K, capacity 984K, committed 1024K, reserved 1048576K
Event: 151.255 GC heap after
Heap after GC invocations=835 (full 7):
 PSYoungGen      total 45056K, used 2153K [0x00000000d5f80000, 0x00000000d8f00000, 0x0000000100000000)
  eden space 41472K, 0% used [0x00000000d5f80000,0x00000000d5f80000,0x00000000d8800000)
  from space 3584K, 60% used [0x00000000d8b80000,0x00000000d8d9a430,0x00000000d8f00000)
  to   space 3584K, 0% used [0x00000000d8800000,0x00000000d8800000,0x00000000d8b80000)
 ParOldGen       total 50176K, used 26051K [0x0000000081e00000, 0x0000000084f00000, 0x00000000d5f80000)
  object space 50176K, 51% used [0x0000000081e00000,0x0000000083770ca0,0x0000000084f00000)
 Metaspace       used 8584K, capacity 8772K, committed 8960K, reserved 1056768K
  class space    used 916K, capacity 984K, committed 1024K, reserved 1048576K
}

