# JRE version: Java(TM) SE Runtime Environment (8.0_45-b14) (build 1.8.0_45-b14)
# Java VM: Java HotSpot(TM) 64-Bit Server VM (25.45-b02 mixed mode windows-amd64 compressed oops)
Heap:
 PSYoungGen      total 77824K, used 67806K [0x00000000d5f80000, 0x00000000dbe00000, 0x0000000100000000)
  eden space 74752K, 86% used [0x00000000d5f80000,0x00000000d9ecc740,0x00000000da880000)
  from space 3072K, 97% used [0x00000000da880000,0x00000000dab6b440,0x00000000dab80000)
  to   space 3584K, 0% used [0x00000000dba80000,0x00000000dba80000,0x00000000dbe00000)
 ParOldGen       total 55808K, used 26802K [0x0000000081e00000, 0x0000000085480000, 0x00000000d5f80000)
  object space 55808K, 48% used [0x0000000081e00000,0x000000008382cb48,0x0000000085480000)
 Metaspace       used 8635K, capacity 8772K, committed 8960K, reserved 1056768K
  class space    used 921K, capacity 984K, committed 1024K, reserved 1048576K
GC Heap History (10 events):
Event: 99.183 GC heap before
{Heap before GC invocations=619 (full 4):
 PSYoungGen      total 54784K, used 53801K [0x00000000d5f80000, 0x00000000d9a00000, 0x0000000100000000)
  eden space 51712K, 100% used [0x00000000d5f80000,0x00000000d9200000,0x00000000d9200000)
  from space 3072K, 68% used [0x00000000d9500000,0x00000000d970a430,0x00000000d9800000)
  to   space 3072K, 0% used [0x00000000d9200000,0x00000000d9200000,0x00000000d9500000)
 ParOldGen       total 55808K, used 26794K [0x0000000081e00000, 0x0000000085480000, 0x00000000d5f80000)
  object space 55808K, 48% used [0x0000000081e00000,0x000000008382ab48,0x0000000085480000)
 Metaspace       used 8574K, capacity 8708K, committed 8960K, reserved 1056768K
  class space    used 915K, capacity 984K, committed 1024K, reserved 1048576K
Event: 99.184 GC heap after
Heap after GC invocations=619 (full 4):
 PSYoungGen      total 54784K, used 2089K [0x00000000d5f80000, 0x00000000da280000, 0x0000000100000000)
  eden space 51712K, 0% used [0x00000000d5f80000,0x00000000d5f80000,0x00000000d9200000)
  from space 3072K, 68% used [0x00000000d9200000,0x00000000d940a430,0x00000000d9500000)
  to   space 3072K, 0% used [0x00000000d9f80000,0x00000000d9f80000,0x00000000da280000)
 ParOldGen       total 55808K, used 26794K [0x0000000081e00000, 0x0000000085480000, 0x00000000d5f80000)
  object space 55808K, 48% used [0x0000000081e00000,0x000000008382ab48,0x0000000085480000)
 Metaspace       used 8574K, capacity 8708K, committed 8960K, reserved 1056768K
  class space    used 915K, capacity 984K, committed 1024K, reserved 1048576K
}
Event: 99.303 GC heap before
{Heap before GC invocations=620 (full 4):
 PSYoungGen      total 54784K, used 53801K [0x00000000d5f80000, 0x00000000da280000, 0x0000000100000000)
  eden space 51712K, 100% used [0x00000000d5f80000,0x00000000d9200000,0x00000000d9200000)
  from space 3072K, 68% used [0x00000000d9200000,0x00000000d940a430,0x00000000d9500000)
  to   space 3072K, 0% used [0x00000000d9f80000,0x00000000d9f80000,0x00000000da280000)
 ParOldGen       total 55808K, used 26794K [0x0000000081e00000, 0x0000000085480000, 0x00000000d5f80000)
  object space 55808K, 48% used [0x0000000081e00000,0x000000008382ab48,0x0000000085480000)
 Metaspace       used 8574K, capacity 8708K, committed 8960K, reserved 1056768K
  class space    used 915K, capacity 984K, committed 1024K, reserved 1048576K
Event: 99.304 GC heap after
Heap after GC invocations=620 (full 4):
 PSYoungGen      total 65536K, used 2089K [0x00000000d5f80000, 0x00000000da280000, 0x0000000100000000)
  eden space 62464K, 0% used [0x00000000d5f80000,0x00000000d5f80000,0x00000000d9c80000)
  from space 3072K, 68% used [0x00000000d9f80000,0x00000000da18a430,0x00000000da280000)
  to   space 3072K, 0% used [0x00000000d9c80000,0x00000000d9c80000,0x00000000d9f80000)
 ParOldGen       total 55808K, used 26794K [0x0000000081e00000, 0x0000000085480000, 0x00000000d5f80000)
  object space 55808K, 48% used [0x0000000081e00000,0x000000008382ab48,0x0000000085480000)
 Metaspace       used 8574K, capacity 8708K, committed 8960K, reserved 1056768K
  class space    used 915K, capacity 984K, committed 1024K, reserved 1048576K
}
Event: 99.440 GC heap before
{Heap before GC invocations=621 (full 4):
 PSYoungGen      total 65536K, used 64553K [0x00000000d5f80000, 0x00000000da280000, 0x0000000100000000)
  eden space 62464K, 100% used [0x00000000d5f80000,0x00000000d9c80000,0x00000000d9c80000)
  from space 3072K, 68% used [0x00000000d9f80000,0x00000000da18a430,0x00000000da280000)
  to   space 3072K, 0% used [0x00000000d9c80000,0x00000000d9c80000,0x00000000d9f80000)
 ParOldGen       total 55808K, used 26794K [0x0000000081e00000, 0x0000000085480000, 0x00000000d5f80000)
  object space 55808K, 48% used [0x0000000081e00000,0x000000008382ab48,0x0000000085480000)
 Metaspace       used 8574K, capacity 8708K, committed 8960K, reserved 1056768K
  class space    used 915K, capacity 984K, committed 1024K, reserved 1048576K
Event: 99.441 GC heap after
Heap after GC invocations=621 (full 4):
 PSYoungGen      total 65536K, used 2089K [0x00000000d5f80000, 0x00000000dae80000, 0x0000000100000000)
  eden space 62464K, 0% used [0x00000000d5f80000,0x00000000d5f80000,0x00000000d9c80000)
  from space 3072K, 68% used [0x00000000d9c80000,0x00000000d9e8a430,0x00000000d9f80000)
  to   space 3072K, 0% used [0x00000000dab80000,0x00000000dab80000,0x00000000dae80000)
 ParOldGen       total 55808K, used 26794K [0x0000000081e00000, 0x0000000085480000, 0x00000000d5f80000)
  object space 55808K, 48% used [0x0000000081e00000,0x000000008382ab48,0x0000000085480000)
 Metaspace       used 8574K, capacity 8708K, committed 8960K, reserved 1056768K
  class space    used 915K, capacity 984K, committed 1024K, reserved 1048576K
}
Event: 99.587 GC heap before
{Heap before GC invocations=622 (full 4):
 PSYoungGen      total 65536K, used 64553K [0x00000000d5f80000, 0x00000000dae80000, 0x0000000100000000)
  eden space 62464K, 100% used [0x00000000d5f80000,0x00000000d9c80000,0x00000000d9c80000)
  from space 3072K, 68% used [0x00000000d9c80000,0x00000000d9e8a430,0x00000000d9f80000)
  to   space 3072K, 0% used [0x00000000dab80000,0x00000000dab80000,0x00000000dae80000)
 ParOldGen       total 55808K, used 26794K [0x0000000081e00000, 0x0000000085480000, 0x00000000d5f80000)
  object space 55808K, 48% used [0x0000000081e00000,0x000000008382ab48,0x0000000085480000)
 Metaspace       used 8574K, capacity 8708K, committed 8960K, reserved 1056768K
  class space    used 915K, capacity 984K, committed 1024K, reserved 1048576K
Event: 99.588 GC heap after
Heap after GC invocations=622 (full 4):
 PSYoungGen      total 77824K, used 2089K [0x00000000d5f80000, 0x00000000dae80000, 0x0000000100000000)
  eden space 74752K, 0% used [0x00000000d5f80000,0x00000000d5f80000,0x00000000da880000)
  from space 3072K, 68% used [0x00000000dab80000,0x00000000dad8a430,0x00000000dae80000)
  to   space 3072K, 0% used [0x00000000da880000,0x00000000da880000,0x00000000dab80000)
 ParOldGen       total 55808K, used 26794K [0x0000000081e00000, 0x0000000085480000, 0x00000000d5f80000)
  object space 55808K, 48% used [0x0000000081e00000,0x000000008382ab48,0x0000000085480000)
 Metaspace       used 8574K, capacity 8708K, committed 8960K, reserved 1056768K
  class space    used 915K, capacity 984K, committed 1024K, reserved 1048576K
}
Event: 99.772 GC heap before
{Heap before GC invocations=623 (full 4):
 PSYoungGen      total 77824K, used 76786K [0x00000000d5f80000, 0x00000000dae80000, 0x0000000100000000)
  eden space 74752K, 99% used [0x00000000d5f80000,0x00000000da8724e0,0x00000000da880000)
  from space 3072K, 68% used [0x00000000dab80000,0x00000000dad8a430,0x00000000dae80000)
  to   space 3072K, 0% used [0x00000000da880000,0x00000000da880000,0x00000000dab80000)
 ParOldGen       total 55808K, used 26794K [0x0000000081e00000, 0x0000000085480000, 0x00000000d5f80000)
  object space 55808K, 48% used [0x0000000081e00000,0x000000008382ab48,0x0000000085480000)
 Metaspace       used 8574K, capacity 8708K, committed 8960K, reserved 1056768K
  class space    used 915K, capacity 984K, committed 1024K, reserved 1048576K
Event: 99.773 GC heap after
Heap after GC invocations=623 (full 4):
 PSYoungGen      total 77824K, used 2989K [0x00000000d5f80000, 0x00000000dbe00000, 0x0000000100000000)
  eden space 74752K, 0% used [0x00000000d5f80000,0x00000000d5f80000,0x00000000da880000)
  from space 3072K, 97% used [0x00000000da880000,0x00000000dab6b440,0x00000000dab80000)
  to   space 3584K, 0% used [0x00000000dba80000,0x00000000dba80000,0x00000000dbe00000)
 ParOldGen       total 55808K, used 26802K [0x0000000081e00000, 0x0000000085480000, 0x00000000d5f80000)
  object space 55808K, 48% used [0x0000000081e00000,0x000000008382cb48,0x0000000085480000)
 Metaspace       used 8574K, capacity 8708K, committed 8960K, reserved 1056768K
  class space    used 915K, capacity 984K, committed 1024K, reserved 1048576K
}

