# JRE version: Java(TM) SE Runtime Environment (8.0_45-b14) (build 1.8.0_45-b14)
# Java VM: Java HotSpot(TM) 64-Bit Server VM (25.45-b02 mixed mode windows-amd64 compressed oops)
Heap:
 PSYoungGen      total 27136K, used 5717K [0x00000000d5f80000, 0x00000000e9280000, 0x0000000100000000)
  eden space 26624K, 21% used [0x00000000d5f80000,0x00000000d6515528,0x00000000d7980000)
  from space 512K, 0% used [0x00000000e9200000,0x00000000e9200000,0x00000000e9280000)
  to   space 1536K, 0% used [0x00000000e8f80000,0x00000000e8f80000,0x00000000e9100000)
 ParOldGen       total 87552K, used 25010K [0x0000000081e00000, 0x0000000087380000, 0x00000000d5f80000)
  object space 87552K, 28% used [0x0000000081e00000,0x000000008366c820,0x0000000087380000)
 Metaspace       used 8331K, capacity 8460K, committed 8704K, reserved 1056768K
  class space    used 914K, capacity 984K, committed 1024K, reserved 1048576K
GC Heap History (10 events):
Event: 34.652 GC heap before
{Heap before GC invocations=96 (full 0):
 PSYoungGen      total 30208K, used 29855K [0x00000000d5f80000, 0x00000000e9580000, 0x0000000100000000)
  eden space 29184K, 100% used [0x00000000d5f80000,0x00000000d7c00000,0x00000000d7c00000)
  from space 1024K, 65% used [0x00000000e9300000,0x00000000e93a7e20,0x00000000e9400000)
  to   space 1536K, 0% used [0x00000000e9400000,0x00000000e9400000,0x00000000e9580000)
 ParOldGen       total 87552K, used 23155K [0x0000000081e00000, 0x0000000087380000, 0x00000000d5f80000)
  object space 87552K, 26% used [0x0000000081e00000,0x000000008349cdc0,0x0000000087380000)
 Metaspace       used 8330K, capacity 8460K, committed 8704K, reserved 1056768K
  class space    used 914K, capacity 984K, committed 1024K, reserved 1048576K
Event: 34.652 GC heap after
Heap after GC invocations=96 (full 0):
 PSYoungGen      total 29696K, used 671K [0x00000000d5f80000, 0x00000000e9500000, 0x0000000100000000)
  eden space 28672K, 0% used [0x00000000d5f80000,0x00000000d5f80000,0x00000000d7b80000)
  from space 1024K, 65% used [0x00000000e9400000,0x00000000e94a7e20,0x00000000e9500000)
  to   space 1536K, 0% used [0x00000000e9200000,0x00000000e9200000,0x00000000e9380000)
 ParOldGen       total 87552K, used 23459K [0x0000000081e00000, 0x0000000087380000, 0x00000000d5f80000)
  object space 87552K, 26% used [0x0000000081e00000,0x00000000834e8cd0,0x0000000087380000)
 Metaspace       used 8330K, capacity 8460K, committed 8704K, reserved 1056768K
  class space    used 914K, capacity 984K, committed 1024K, reserved 1048576K
}
Event: 34.741 GC heap before
{Heap before GC invocations=97 (full 0):
 PSYoungGen      total 29696K, used 29343K [0x00000000d5f80000, 0x00000000e9500000, 0x0000000100000000)
  eden space 28672K, 100% used [0x00000000d5f80000,0x00000000d7b80000,0x00000000d7b80000)
  from space 1024K, 65% used [0x00000000e9400000,0x00000000e94a7e20,0x00000000e9500000)
  to   space 1536K, 0% used [0x00000000e9200000,0x00000000e9200000,0x00000000e9380000)
 ParOldGen       total 87552K, used 23459K [0x0000000081e00000, 0x0000000087380000, 0x00000000d5f80000)
  object space 87552K, 26% used [0x0000000081e00000,0x00000000834e8cd0,0x0000000087380000)
 Metaspace       used 8330K, capacity 8460K, committed 8704K, reserved 1056768K
  class space    used 914K, capacity 984K, committed 1024K, reserved 1048576K
Event: 34.742 GC heap after
Heap after GC invocations=97 (full 0):
 PSYoungGen      total 28672K, used 32K [0x00000000d5f80000, 0x00000000e9480000, 0x0000000100000000)
  eden space 28160K, 0% used [0x00000000d5f80000,0x00000000d5f80000,0x00000000d7b00000)
  from space 512K, 6% used [0x00000000e9200000,0x00000000e9208000,0x00000000e9280000)
  to   space 1536K, 0% used [0x00000000e9300000,0x00000000e9300000,0x00000000e9480000)
 ParOldGen       total 87552K, used 24082K [0x0000000081e00000, 0x0000000087380000, 0x00000000d5f80000)
  object space 87552K, 27% used [0x0000000081e00000,0x0000000083584af0,0x0000000087380000)
 Metaspace       used 8330K, capacity 8460K, committed 8704K, reserved 1056768K
  class space    used 914K, capacity 984K, committed 1024K, reserved 1048576K
}
Event: 34.847 GC heap before
{Heap before GC invocations=98 (full 0):
 PSYoungGen      total 28672K, used 28192K [0x00000000d5f80000, 0x00000000e9480000, 0x0000000100000000)
  eden space 28160K, 100% used [0x00000000d5f80000,0x00000000d7b00000,0x00000000d7b00000)
  from space 512K, 6% used [0x00000000e9200000,0x00000000e9208000,0x00000000e9280000)
  to   space 1536K, 0% used [0x00000000e9300000,0x00000000e9300000,0x00000000e9480000)
 ParOldGen       total 87552K, used 24082K [0x0000000081e00000, 0x0000000087380000, 0x00000000d5f80000)
  object space 87552K, 27% used [0x0000000081e00000,0x0000000083584af0,0x0000000087380000)
 Metaspace       used 8330K, capacity 8460K, committed 8704K, reserved 1056768K
  class space    used 914K, capacity 984K, committed 1024K, reserved 1048576K
Event: 34.848 GC heap after
Heap after GC invocations=98 (full 0):
 PSYoungGen      total 28672K, used 671K [0x00000000d5f80000, 0x00000000e9400000, 0x0000000100000000)
  eden space 27648K, 0% used [0x00000000d5f80000,0x00000000d5f80000,0x00000000d7a80000)
  from space 1024K, 65% used [0x00000000e9300000,0x00000000e93a7e20,0x00000000e9400000)
  to   space 1536K, 0% used [0x00000000e9100000,0x00000000e9100000,0x00000000e9280000)
 ParOldGen       total 87552K, used 24082K [0x0000000081e00000, 0x0000000087380000, 0x00000000d5f80000)
  object space 87552K, 27% used [0x0000000081e00000,0x0000000083584af0,0x0000000087380000)
 Metaspace       used 8330K, capacity 8460K, committed 8704K, reserved 1056768K
  class space    used 914K, capacity 984K, committed 1024K, reserved 1048576K
}
Event: 35.934 GC heap before
{Heap before GC invocations=99 (full 0):
 PSYoungGen      total 28672K, used 28319K [0x00000000d5f80000, 0x00000000e9400000, 0x0000000100000000)
  eden space 27648K, 100% used [0x00000000d5f80000,0x00000000d7a80000,0x00000000d7a80000)
  from space 1024K, 65% used [0x00000000e9300000,0x00000000e93a7e20,0x00000000e9400000)
  to   space 1536K, 0% used [0x00000000e9100000,0x00000000e9100000,0x00000000e9280000)
 ParOldGen       total 87552K, used 24082K [0x0000000081e00000, 0x0000000087380000, 0x00000000d5f80000)
  object space 87552K, 27% used [0x0000000081e00000,0x0000000083584af0,0x0000000087380000)
 Metaspace       used 8330K, capacity 8460K, committed 8704K, reserved 1056768K
  class space    used 914K, capacity 984K, committed 1024K, reserved 1048576K
Event: 35.935 GC heap after
Heap after GC invocations=99 (full 0):
 PSYoungGen      total 28160K, used 671K [0x00000000d5f80000, 0x00000000e9380000, 0x0000000100000000)
  eden space 27136K, 0% used [0x00000000d5f80000,0x00000000d5f80000,0x00000000d7a00000)
  from space 1024K, 65% used [0x00000000e9100000,0x00000000e91a7e20,0x00000000e9200000)
  to   space 1536K, 0% used [0x00000000e9200000,0x00000000e9200000,0x00000000e9380000)
 ParOldGen       total 87552K, used 24386K [0x0000000081e00000, 0x0000000087380000, 0x00000000d5f80000)
  object space 87552K, 27% used [0x0000000081e00000,0x00000000835d0a00,0x0000000087380000)
 Metaspace       used 8330K, capacity 8460K, committed 8704K, reserved 1056768K
  class space    used 914K, capacity 984K, committed 1024K, reserved 1048576K
}
Event: 36.019 GC heap before
{Heap before GC invocations=100 (full 0):
 PSYoungGen      total 28160K, used 27807K [0x00000000d5f80000, 0x00000000e9380000, 0x0000000100000000)
  eden space 27136K, 100% used [0x00000000d5f80000,0x00000000d7a00000,0x00000000d7a00000)
  from space 1024K, 65% used [0x00000000e9100000,0x00000000e91a7e20,0x00000000e9200000)
  to   space 1536K, 0% used [0x00000000e9200000,0x00000000e9200000,0x00000000e9380000)
 ParOldGen       total 87552K, used 24386K [0x0000000081e00000, 0x0000000087380000, 0x00000000d5f80000)
  object space 87552K, 27% used [0x0000000081e00000,0x00000000835d0a00,0x0000000087380000)
 Metaspace       used 8330K, capacity 8460K, committed 8704K, reserved 1056768K
  class space    used 914K, capacity 984K, committed 1024K, reserved 1048576K
Event: 36.019 GC heap after
Heap after GC invocations=100 (full 0):
 PSYoungGen      total 27136K, used 0K [0x00000000d5f80000, 0x00000000e9280000, 0x0000000100000000)
  eden space 26624K, 0% used [0x00000000d5f80000,0x00000000d5f80000,0x00000000d7980000)
  from space 512K, 0% used [0x00000000e9200000,0x00000000e9200000,0x00000000e9280000)
  to   space 1536K, 0% used [0x00000000e8f80000,0x00000000e8f80000,0x00000000e9100000)
 ParOldGen       total 87552K, used 25010K [0x0000000081e00000, 0x0000000087380000, 0x00000000d5f80000)
  object space 87552K, 28% used [0x0000000081e00000,0x000000008366c820,0x0000000087380000)
 Metaspace       used 8330K, capacity 8460K, committed 8704K, reserved 1056768K
  class space    used 914K, capacity 984K, committed 1024K, reserved 1048576K
}

