# JRE version: Java(TM) SE Runtime Environment (8.0_45-b14) (build 1.8.0_45-b14)
# Java VM: Java HotSpot(TM) 64-Bit Server VM (25.45-b02 mixed mode windows-amd64 compressed oops)
Heap:
 PSYoungGen      total 85504K, used 21896K [0x00000000d5f80000, 0x00000000dc400000, 0x0000000100000000)
  eden space 81408K, 22% used [0x00000000d5f80000,0x00000000d7145710,0x00000000daf00000)
  from space 4096K, 90% used [0x00000000db900000,0x00000000dbc9cb70,0x00000000dbd00000)
  to   space 6656K, 0% used [0x00000000dbd80000,0x00000000dbd80000,0x00000000dc400000)
 ParOldGen       total 51712K, used 37645K [0x0000000081e00000, 0x0000000085080000, 0x00000000d5f80000)
  object space 51712K, 72% used [0x0000000081e00000,0x00000000842c34b8,0x0000000085080000)
 Metaspace       used 8435K, capacity 8596K, committed 8704K, reserved 1056768K
  class space    used 914K, capacity 984K, committed 1024K, reserved 1048576K
GC Heap History (10 events):
Event: 447.263 GC heap before
{Heap before GC invocations=2848 (full 25):
 PSYoungGen      total 99328K, used 98432K [0x00000000d5f80000, 0x00000000dcf00000, 0x0000000100000000)
  eden space 96768K, 99% used [0x00000000d5f80000,0x00000000dbd2f9a0,0x00000000dbe00000)
  from space 2560K, 97% used [0x00000000dcc80000,0x00000000dcef07a0,0x00000000dcf00000)
  to   space 6656K, 0% used [0x00000000dc200000,0x00000000dc200000,0x00000000dc880000)
 ParOldGen       total 51712K, used 35243K [0x0000000081e00000, 0x0000000085080000, 0x00000000d5f80000)
  object space 51712K, 68% used [0x0000000081e00000,0x000000008406ad18,0x0000000085080000)
 Metaspace       used 8435K, capacity 8596K, committed 8704K, reserved 1056768K
  class space    used 914K, capacity 984K, committed 1024K, reserved 1048576K
Event: 447.264 GC heap after
Heap after GC invocations=2848 (full 25):
 PSYoungGen      total 97280K, used 3698K [0x00000000d5f80000, 0x00000000dcd00000, 0x0000000100000000)
  eden space 93184K, 0% used [0x00000000d5f80000,0x00000000d5f80000,0x00000000dba80000)
  from space 4096K, 90% used [0x00000000dc200000,0x00000000dc59cb70,0x00000000dc600000)
  to   space 6656K, 0% used [0x00000000dc680000,0x00000000dc680000,0x00000000dcd00000)
 ParOldGen       total 51712K, used 35243K [0x0000000081e00000, 0x0000000085080000, 0x00000000d5f80000)
  object space 51712K, 68% used [0x0000000081e00000,0x000000008406ad18,0x0000000085080000)
 Metaspace       used 8435K, capacity 8596K, committed 8704K, reserved 1056768K
  class space    used 914K, capacity 984K, committed 1024K, reserved 1048576K
}
Event: 447.382 GC heap before
{Heap before GC invocations=2849 (full 25):
 PSYoungGen      total 97280K, used 96882K [0x00000000d5f80000, 0x00000000dcd00000, 0x0000000100000000)
  eden space 93184K, 100% used [0x00000000d5f80000,0x00000000dba80000,0x00000000dba80000)
  from space 4096K, 90% used [0x00000000dc200000,0x00000000dc59cb70,0x00000000dc600000)
  to   space 6656K, 0% used [0x00000000dc680000,0x00000000dc680000,0x00000000dcd00000)
 ParOldGen       total 51712K, used 35243K [0x0000000081e00000, 0x0000000085080000, 0x00000000d5f80000)
  object space 51712K, 68% used [0x0000000081e00000,0x000000008406ad18,0x0000000085080000)
 Metaspace       used 8435K, capacity 8596K, committed 8704K, reserved 1056768K
  class space    used 914K, capacity 984K, committed 1024K, reserved 1048576K
Event: 447.384 GC heap after
Heap after GC invocations=2849 (full 25):
 PSYoungGen      total 95232K, used 4899K [0x00000000d5f80000, 0x00000000dcb80000, 0x0000000100000000)
  eden space 90112K, 0% used [0x00000000d5f80000,0x00000000d5f80000,0x00000000db780000)
  from space 5120K, 95% used [0x00000000dc680000,0x00000000dcb48f40,0x00000000dcb80000)
  to   space 6656K, 0% used [0x00000000dbe80000,0x00000000dbe80000,0x00000000dc500000)
 ParOldGen       total 51712K, used 35243K [0x0000000081e00000, 0x0000000085080000, 0x00000000d5f80000)
  object space 51712K, 68% used [0x0000000081e00000,0x000000008406ad18,0x0000000085080000)
 Metaspace       used 8435K, capacity 8596K, committed 8704K, reserved 1056768K
  class space    used 914K, capacity 984K, committed 1024K, reserved 1048576K
}
Event: 447.542 GC heap before
{Heap before GC invocations=2850 (full 25):
 PSYoungGen      total 95232K, used 95011K [0x00000000d5f80000, 0x00000000dcb80000, 0x0000000100000000)
  eden space 90112K, 100% used [0x00000000d5f80000,0x00000000db780000,0x00000000db780000)
  from space 5120K, 95% used [0x00000000dc680000,0x00000000dcb48f40,0x00000000dcb80000)
  to   space 6656K, 0% used [0x00000000dbe80000,0x00000000dbe80000,0x00000000dc500000)
 ParOldGen       total 51712K, used 35243K [0x0000000081e00000, 0x0000000085080000, 0x00000000d5f80000)
  object space 51712K, 68% used [0x0000000081e00000,0x000000008406ad18,0x0000000085080000)
 Metaspace       used 8435K, capacity 8596K, committed 8704K, reserved 1056768K
  class space    used 914K, capacity 984K, committed 1024K, reserved 1048576K
Event: 447.544 GC heap after
Heap after GC invocations=2850 (full 25):
 PSYoungGen      total 92160K, used 4931K [0x00000000d5f80000, 0x00000000dc700000, 0x0000000100000000)
  eden space 87040K, 0% used [0x00000000d5f80000,0x00000000d5f80000,0x00000000db480000)
  from space 5120K, 96% used [0x00000000dbe80000,0x00000000dc350f40,0x00000000dc380000)
  to   space 3584K, 0% used [0x00000000dc380000,0x00000000dc380000,0x00000000dc700000)
 ParOldGen       total 51712K, used 35243K [0x0000000081e00000, 0x0000000085080000, 0x00000000d5f80000)
  object space 51712K, 68% used [0x0000000081e00000,0x000000008406ad18,0x0000000085080000)
 Metaspace       used 8435K, capacity 8596K, committed 8704K, reserved 1056768K
  class space    used 914K, capacity 984K, committed 1024K, reserved 1048576K
}
Event: 447.704 GC heap before
{Heap before GC invocations=2851 (full 25):
 PSYoungGen      total 92160K, used 91971K [0x00000000d5f80000, 0x00000000dc700000, 0x0000000100000000)
  eden space 87040K, 100% used [0x00000000d5f80000,0x00000000db480000,0x00000000db480000)
  from space 5120K, 96% used [0x00000000dbe80000,0x00000000dc350f40,0x00000000dc380000)
  to   space 3584K, 0% used [0x00000000dc380000,0x00000000dc380000,0x00000000dc700000)
 ParOldGen       total 51712K, used 35243K [0x0000000081e00000, 0x0000000085080000, 0x00000000d5f80000)
  object space 51712K, 68% used [0x0000000081e00000,0x000000008406ad18,0x0000000085080000)
 Metaspace       used 8435K, capacity 8596K, committed 8704K, reserved 1056768K
  class space    used 914K, capacity 984K, committed 1024K, reserved 1048576K
Event: 447.706 GC heap after
Heap after GC invocations=2851 (full 25):
 PSYoungGen      total 86528K, used 2529K [0x00000000d5f80000, 0x00000000dc600000, 0x0000000100000000)
  eden space 83968K, 0% used [0x00000000d5f80000,0x00000000d5f80000,0x00000000db180000)
  from space 2560K, 98% used [0x00000000dc380000,0x00000000dc5f87a0,0x00000000dc600000)
  to   space 6656K, 0% used [0x00000000db900000,0x00000000db900000,0x00000000dbf80000)
 ParOldGen       total 51712K, used 37645K [0x0000000081e00000, 0x0000000085080000, 0x00000000d5f80000)
  object space 51712K, 72% used [0x0000000081e00000,0x00000000842c34b8,0x0000000085080000)
 Metaspace       used 8435K, capacity 8596K, committed 8704K, reserved 1056768K
  class space    used 914K, capacity 984K, committed 1024K, reserved 1048576K
}
Event: 447.858 GC heap before
{Heap before GC invocations=2852 (full 25):
 PSYoungGen      total 86528K, used 86497K [0x00000000d5f80000, 0x00000000dc600000, 0x0000000100000000)
  eden space 83968K, 100% used [0x00000000d5f80000,0x00000000db180000,0x00000000db180000)
  from space 2560K, 98% used [0x00000000dc380000,0x00000000dc5f87a0,0x00000000dc600000)
  to   space 6656K, 0% used [0x00000000db900000,0x00000000db900000,0x00000000dbf80000)
 ParOldGen       total 51712K, used 37645K [0x0000000081e00000, 0x0000000085080000, 0x00000000d5f80000)
  object space 51712K, 72% used [0x0000000081e00000,0x00000000842c34b8,0x0000000085080000)
 Metaspace       used 8435K, capacity 8596K, committed 8704K, reserved 1056768K
  class space    used 914K, capacity 984K, committed 1024K, reserved 1048576K
Event: 447.859 GC heap after
Heap after GC invocations=2852 (full 25):
 PSYoungGen      total 85504K, used 3698K [0x00000000d5f80000, 0x00000000dc400000, 0x0000000100000000)
  eden space 81408K, 0% used [0x00000000d5f80000,0x00000000d5f80000,0x00000000daf00000)
  from space 4096K, 90% used [0x00000000db900000,0x00000000dbc9cb70,0x00000000dbd00000)
  to   space 6656K, 0% used [0x00000000dbd80000,0x00000000dbd80000,0x00000000dc400000)
 ParOldGen       total 51712K, used 37645K [0x0000000081e00000, 0x0000000085080000, 0x00000000d5f80000)
  object space 51712K, 72% used [0x0000000081e00000,0x00000000842c34b8,0x0000000085080000)
 Metaspace       used 8435K, capacity 8596K, committed 8704K, reserved 1056768K
  class space    used 914K, capacity 984K, committed 1024K, reserved 1048576K
}

