# JRE version: Java(TM) SE Runtime Environment (8.0_45-b14) (build 1.8.0_45-b14)
# Java VM: Java HotSpot(TM) 64-Bit Server VM (25.45-b02 mixed mode windows-amd64 compressed oops)
Heap:
 PSYoungGen      total 64512K, used 50674K [0x00000000d5f80000, 0x00000000db280000, 0x0000000100000000)
  eden space 61440K, 77% used [0x00000000d5f80000,0x00000000d8e096e0,0x00000000d9b80000)
  from space 3072K, 98% used [0x00000000dae80000,0x00000000db173440,0x00000000db180000)
  to   space 1024K, 0% used [0x00000000db180000,0x00000000db180000,0x00000000db280000)
 ParOldGen       total 49152K, used 30812K [0x0000000081e00000, 0x0000000084e00000, 0x00000000d5f80000)
  object space 49152K, 62% used [0x0000000081e00000,0x0000000083c170b0,0x0000000084e00000)
 Metaspace       used 8659K, capacity 8836K, committed 8960K, reserved 1056768K
  class space    used 921K, capacity 984K, committed 1024K, reserved 1048576K
GC Heap History (10 events):
Event: 85.490 GC heap before
{Heap before GC invocations=613 (full 2):
 PSYoungGen      total 73216K, used 71721K [0x00000000d5f80000, 0x00000000daa80000, 0x0000000100000000)
  eden space 69632K, 100% used [0x00000000d5f80000,0x00000000da380000,0x00000000da380000)
  from space 3584K, 58% used [0x00000000da700000,0x00000000da90a430,0x00000000daa80000)
  to   space 3584K, 0% used [0x00000000da380000,0x00000000da380000,0x00000000da700000)
 ParOldGen       total 49152K, used 30804K [0x0000000081e00000, 0x0000000084e00000, 0x00000000d5f80000)
  object space 49152K, 62% used [0x0000000081e00000,0x0000000083c150b0,0x0000000084e00000)
 Metaspace       used 8600K, capacity 8772K, committed 8960K, reserved 1056768K
  class space    used 915K, capacity 984K, committed 1024K, reserved 1048576K
Event: 85.491 GC heap after
Heap after GC invocations=613 (full 2):
 PSYoungGen      total 73216K, used 2089K [0x00000000d5f80000, 0x00000000db780000, 0x0000000100000000)
  eden space 69632K, 0% used [0x00000000d5f80000,0x00000000d5f80000,0x00000000da380000)
  from space 3584K, 58% used [0x00000000da380000,0x00000000da58a430,0x00000000da700000)
  to   space 3072K, 0% used [0x00000000db480000,0x00000000db480000,0x00000000db780000)
 ParOldGen       total 49152K, used 30804K [0x0000000081e00000, 0x0000000084e00000, 0x00000000d5f80000)
  object space 49152K, 62% used [0x0000000081e00000,0x0000000083c150b0,0x0000000084e00000)
 Metaspace       used 8600K, capacity 8772K, committed 8960K, reserved 1056768K
  class space    used 915K, capacity 984K, committed 1024K, reserved 1048576K
}
Event: 85.679 GC heap before
{Heap before GC invocations=614 (full 2):
 PSYoungGen      total 73216K, used 71721K [0x00000000d5f80000, 0x00000000db780000, 0x0000000100000000)
  eden space 69632K, 100% used [0x00000000d5f80000,0x00000000da380000,0x00000000da380000)
  from space 3584K, 58% used [0x00000000da380000,0x00000000da58a430,0x00000000da700000)
  to   space 3072K, 0% used [0x00000000db480000,0x00000000db480000,0x00000000db780000)
 ParOldGen       total 49152K, used 30804K [0x0000000081e00000, 0x0000000084e00000, 0x00000000d5f80000)
  object space 49152K, 62% used [0x0000000081e00000,0x0000000083c150b0,0x0000000084e00000)
 Metaspace       used 8600K, capacity 8772K, committed 8960K, reserved 1056768K
  class space    used 915K, capacity 984K, committed 1024K, reserved 1048576K
Event: 85.680 GC heap after
Heap after GC invocations=614 (full 2):
 PSYoungGen      total 70144K, used 2089K [0x00000000d5f80000, 0x00000000db700000, 0x0000000100000000)
  eden space 67584K, 0% used [0x00000000d5f80000,0x00000000d5f80000,0x00000000da180000)
  from space 2560K, 81% used [0x00000000db480000,0x00000000db68a430,0x00000000db700000)
  to   space 3072K, 0% used [0x00000000db100000,0x00000000db100000,0x00000000db400000)
 ParOldGen       total 49152K, used 30804K [0x0000000081e00000, 0x0000000084e00000, 0x00000000d5f80000)
  object space 49152K, 62% used [0x0000000081e00000,0x0000000083c150b0,0x0000000084e00000)
 Metaspace       used 8600K, capacity 8772K, committed 8960K, reserved 1056768K
  class space    used 915K, capacity 984K, committed 1024K, reserved 1048576K
}
Event: 85.870 GC heap before
{Heap before GC invocations=615 (full 2):
 PSYoungGen      total 70144K, used 69673K [0x00000000d5f80000, 0x00000000db700000, 0x0000000100000000)
  eden space 67584K, 100% used [0x00000000d5f80000,0x00000000da180000,0x00000000da180000)
  from space 2560K, 81% used [0x00000000db480000,0x00000000db68a430,0x00000000db700000)
  to   space 3072K, 0% used [0x00000000db100000,0x00000000db100000,0x00000000db400000)
 ParOldGen       total 49152K, used 30804K [0x0000000081e00000, 0x0000000084e00000, 0x00000000d5f80000)
  object space 49152K, 62% used [0x0000000081e00000,0x0000000083c150b0,0x0000000084e00000)
 Metaspace       used 8600K, capacity 8772K, committed 8960K, reserved 1056768K
  class space    used 915K, capacity 984K, committed 1024K, reserved 1048576K
Event: 85.870 GC heap after
Heap after GC invocations=615 (full 2):
 PSYoungGen      total 66560K, used 803K [0x00000000d5f80000, 0x00000000db500000, 0x0000000100000000)
  eden space 65536K, 0% used [0x00000000d5f80000,0x00000000d5f80000,0x00000000d9f80000)
  from space 1024K, 78% used [0x00000000db100000,0x00000000db1c8c30,0x00000000db200000)
  to   space 3072K, 0% used [0x00000000db200000,0x00000000db200000,0x00000000db500000)
 ParOldGen       total 49152K, used 30804K [0x0000000081e00000, 0x0000000084e00000, 0x00000000d5f80000)
  object space 49152K, 62% used [0x0000000081e00000,0x0000000083c150b0,0x0000000084e00000)
 Metaspace       used 8600K, capacity 8772K, committed 8960K, reserved 1056768K
  class space    used 915K, capacity 984K, committed 1024K, reserved 1048576K
}
Event: 86.000 GC heap before
{Heap before GC invocations=616 (full 2):
 PSYoungGen      total 66560K, used 66339K [0x00000000d5f80000, 0x00000000db500000, 0x0000000100000000)
  eden space 65536K, 100% used [0x00000000d5f80000,0x00000000d9f80000,0x00000000d9f80000)
  from space 1024K, 78% used [0x00000000db100000,0x00000000db1c8c30,0x00000000db200000)
  to   space 3072K, 0% used [0x00000000db200000,0x00000000db200000,0x00000000db500000)
 ParOldGen       total 49152K, used 30804K [0x0000000081e00000, 0x0000000084e00000, 0x00000000d5f80000)
  object space 49152K, 62% used [0x0000000081e00000,0x0000000083c150b0,0x0000000084e00000)
 Metaspace       used 8600K, capacity 8772K, committed 8960K, reserved 1056768K
  class space    used 915K, capacity 984K, committed 1024K, reserved 1048576K
Event: 86.001 GC heap after
Heap after GC invocations=616 (full 2):
 PSYoungGen      total 66048K, used 2089K [0x00000000d5f80000, 0x00000000db480000, 0x0000000100000000)
  eden space 63488K, 0% used [0x00000000d5f80000,0x00000000d5f80000,0x00000000d9d80000)
  from space 2560K, 81% used [0x00000000db200000,0x00000000db40a430,0x00000000db480000)
  to   space 3072K, 0% used [0x00000000dae80000,0x00000000dae80000,0x00000000db180000)
 ParOldGen       total 49152K, used 30804K [0x0000000081e00000, 0x0000000084e00000, 0x00000000d5f80000)
  object space 49152K, 62% used [0x0000000081e00000,0x0000000083c150b0,0x0000000084e00000)
 Metaspace       used 8600K, capacity 8772K, committed 8960K, reserved 1056768K
  class space    used 915K, capacity 984K, committed 1024K, reserved 1048576K
}
Event: 86.207 GC heap before
{Heap before GC invocations=617 (full 2):
 PSYoungGen      total 66048K, used 65189K [0x00000000d5f80000, 0x00000000db480000, 0x0000000100000000)
  eden space 63488K, 99% used [0x00000000d5f80000,0x00000000d9d1f138,0x00000000d9d80000)
  from space 2560K, 81% used [0x00000000db200000,0x00000000db40a430,0x00000000db480000)
  to   space 3072K, 0% used [0x00000000dae80000,0x00000000dae80000,0x00000000db180000)
 ParOldGen       total 49152K, used 30804K [0x0000000081e00000, 0x0000000084e00000, 0x00000000d5f80000)
  object space 49152K, 62% used [0x0000000081e00000,0x0000000083c150b0,0x0000000084e00000)
 Metaspace       used 8600K, capacity 8772K, committed 8960K, reserved 1056768K
  class space    used 915K, capacity 984K, committed 1024K, reserved 1048576K
Event: 86.208 GC heap after
Heap after GC invocations=617 (full 2):
 PSYoungGen      total 64512K, used 3021K [0x00000000d5f80000, 0x00000000db280000, 0x0000000100000000)
  eden space 61440K, 0% used [0x00000000d5f80000,0x00000000d5f80000,0x00000000d9b80000)
  from space 3072K, 98% used [0x00000000dae80000,0x00000000db173440,0x00000000db180000)
  to   space 1024K, 0% used [0x00000000db180000,0x00000000db180000,0x00000000db280000)
 ParOldGen       total 49152K, used 30812K [0x0000000081e00000, 0x0000000084e00000, 0x00000000d5f80000)
  object space 49152K, 62% used [0x0000000081e00000,0x0000000083c170b0,0x0000000084e00000)
 Metaspace       used 8600K, capacity 8772K, committed 8960K, reserved 1056768K
  class space    used 915K, capacity 984K, committed 1024K, reserved 1048576K
}

